<?xml version="1.0" encoding="UTF-8"?>
<testng-results ignored="0" total="2" passed="2" failed="0" skipped="0">
  <reporter-output>
  </reporter-output>
  <suite started-at="2024-06-20T17:01:07 IST" name="Default suite" finished-at="2024-06-20T17:01:40 IST" duration-ms="32460">
    <groups>
    </groups>
    <test started-at="2024-06-20T17:01:07 IST" name="Default test" finished-at="2024-06-20T17:01:40 IST" duration-ms="32460">
      <class name="HRM.hrm.HR_Administration">
        <test-method signature="Login(java.util.Map)[pri:1, instance:HRM.hrm.HR_Administration@1807f5a7]" started-at="2024-06-20T17:01:08 IST" name="Login" data-provider="HRM" finished-at="2024-06-20T17:01:31 IST" duration-ms="22267" status="PASS">
          <params>
            <param index="0">
              <value>
                <![CDATA[{Test Case=Valid data, Username=admin, Password=OVw3Vd@A6s}]]>
              </value>
            </param>
          </params>
          <reporter-output>
          </reporter-output>
        </test-method> <!-- Login -->
        <test-method signature="Add_Employee(java.util.Map)[pri:2, instance:HRM.hrm.HR_Administration@1807f5a7]" started-at="2024-06-20T17:01:31 IST" name="Add_Employee" data-provider="HRM" finished-at="2024-06-20T17:01:40 IST" duration-ms="8950" status="PASS">
          <params>
            <param index="0">
              <value>
                <![CDATA[{Test Case=Valid, Menu=Employee Management, Username=, Password=}]]>
              </value>
            </param>
          </params>
          <reporter-output>
          </reporter-output>
        </test-method> <!-- Add_Employee -->
      </class> <!-- HRM.hrm.HR_Administration -->
    </test> <!-- Default test -->
  </suite> <!-- Default suite -->
</testng-results>
